<?xml version="1.0" encoding="UTF-8"?>
<testng-results skipped="0" failed="0" total="1" passed="1">
  <reporter-output>
  </reporter-output>
  <suite name="All Test Suite" duration-ms="25137" started-at="2021-06-17T11:28:03Z" finished-at="2021-06-17T11:28:28Z">
    <groups>
    </groups>
    <test name="C:/Users/Haider/IdeaProjects/haider" duration-ms="25137" started-at="2021-06-17T11:28:03Z" finished-at="2021-06-17T11:28:28Z">
      <class name="org.example.MainTests">
        <test-method status="PASS" signature="login()[pri:0, instance:org.example.MainTests@675d3402]" name="login" duration-ms="25127" started-at="2021-06-17T13:28:03Z" finished-at="2021-06-17T13:28:28Z">
          <reporter-output>
          </reporter-output>
        </test-method> <!-- login -->
      </class> <!-- org.example.MainTests -->
    </test> <!-- C:/Users/Haider/IdeaProjects/haider -->
  </suite> <!-- All Test Suite -->
</testng-results>
